Using pre-set license
Built from '2020.3/staging' branch; Version is '2020.3.28f1 (f5400f52e03f) revision 16072719'; Using compiler version '192528614'; Build Type 'Release'
OS: 'Windows 10  (10.0.19044) 64bit Core' Language: 'fr' Physical Memory: 32173 MB
BatchMode: 1, IsHumanControllingUs: 0, StartBugReporterOnCrash: 0, Is64bit: 1, IsPro: 0

COMMAND LINE ARGUMENTS:
E:\Program Files\Unity Editor\2020.3.28f1\Editor\Unity.exe
-adb2
-batchMode
-noUpm
-name
AssetImportWorker0
-projectPath
F:/Unity projects D/7141-Equipe-E-W21_Project/7141-Equipe-E-W21_Project/7141-Equipe-E-W21
-logFile
Logs/AssetImportWorker0.log
-srvPort
54792
Successfully changed project path to: F:/Unity projects D/7141-Equipe-E-W21_Project/7141-Equipe-E-W21_Project/7141-Equipe-E-W21
F:/Unity projects D/7141-Equipe-E-W21_Project/7141-Equipe-E-W21_Project/7141-Equipe-E-W21
Using Asset Import Pipeline V2.
Refreshing native plugins compatible for Editor in 43.53 ms, found 2 plugins.
Preloading 0 native plugins for Editor in 0.00 ms.
Initialize engine version: 2020.3.28f1 (f5400f52e03f)
[Subsystems] Discovering subsystems at path E:/Program Files/Unity Editor/2020.3.28f1/Editor/Data/Resources/UnitySubsystems
[Subsystems] Discovering subsystems at path F:/Unity projects D/7141-Equipe-E-W21_Project/7141-Equipe-E-W21_Project/7141-Equipe-E-W21/Assets
GfxDevice: creating device client; threaded=0
Direct3D:
    Version:  Direct3D 11.0 [level 11.1]
    Renderer: NVIDIA GeForce GTX 1660 Ti (ID=0x2191)
    Vendor:   
    VRAM:     5991 MB
    Driver:   27.21.14.5763
Initialize mono
Mono path[0] = 'E:/Program Files/Unity Editor/2020.3.28f1/Editor/Data/Managed'
Mono path[1] = 'E:/Program Files/Unity Editor/2020.3.28f1/Editor/Data/MonoBleedingEdge/lib/mono/unityjit'
Mono config path = 'E:/Program Files/Unity Editor/2020.3.28f1/Editor/Data/MonoBleedingEdge/etc'
Using monoOptions --debugger-agent=transport=dt_socket,embedding=1,server=y,suspend=n,address=127.0.0.1:56260
Begin MonoManager ReloadAssembly
Registering precompiled unity dll's ...
Register platform support module: E:/Program Files/Unity Editor/2020.3.28f1/Editor/Data/PlaybackEngines/WindowsStandaloneSupport/UnityEditor.WindowsStandalone.Extensions.dll
Registered in 0.001179 seconds.
Native extension for WindowsStandalone target not found
Refreshing native plugins compatible for Editor in 43.37 ms, found 2 plugins.
Preloading 0 native plugins for Editor in 0.00 ms.
Mono: successfully reloaded assembly
- Completed reload, in  0.523 seconds
Domain Reload Profiling:
	ReloadAssembly (523ms)
		BeginReloadAssembly (56ms)
			ExecutionOrderSort (0ms)
			DisableScriptedObjects (0ms)
			BackupInstance (0ms)
			ReleaseScriptingObjects (0ms)
			CreateAndSetChildDomain (1ms)
		EndReloadAssembly (408ms)
			LoadAssemblies (55ms)
			RebuildTransferFunctionScriptingTraits (0ms)
			SetupTypeCache (133ms)
			ReleaseScriptCaches (0ms)
			RebuildScriptCaches (28ms)
			SetupLoadedEditorAssemblies (162ms)
				LogAssemblyErrors (0ms)
				InitializePlatformSupportModulesInManaged (4ms)
				SetLoadedEditorAssemblies (0ms)
				RefreshPlugins (43ms)
				BeforeProcessingInitializeOnLoad (14ms)
				ProcessInitializeOnLoadAttributes (75ms)
				ProcessInitializeOnLoadMethodAttributes (25ms)
				AfterProcessingInitializeOnLoad (0ms)
				EditorAssembliesLoaded (0ms)
			ExecutionOrderSort2 (0ms)
			AwakeInstancesAfterBackupRestoration (0ms)
Platform modules already initialized, skipping
Registering precompiled user dll's ...
Registered in 0.005132 seconds.
Begin MonoManager ReloadAssembly
Native extension for WindowsStandalone target not found
Refreshing native plugins compatible for Editor in 43.02 ms, found 2 plugins.
Preloading 0 native plugins for Editor in 0.00 ms.
Mono: successfully reloaded assembly
- Completed reload, in  1.047 seconds
Domain Reload Profiling:
	ReloadAssembly (1048ms)
		BeginReloadAssembly (138ms)
			ExecutionOrderSort (0ms)
			DisableScriptedObjects (4ms)
			BackupInstance (0ms)
			ReleaseScriptingObjects (0ms)
			CreateAndSetChildDomain (19ms)
		EndReloadAssembly (859ms)
			LoadAssemblies (91ms)
			RebuildTransferFunctionScriptingTraits (0ms)
			SetupTypeCache (287ms)
			ReleaseScriptCaches (1ms)
			RebuildScriptCaches (44ms)
			SetupLoadedEditorAssemblies (346ms)
				LogAssemblyErrors (0ms)
				InitializePlatformSupportModulesInManaged (3ms)
				SetLoadedEditorAssemblies (0ms)
				RefreshPlugins (43ms)
				BeforeProcessingInitializeOnLoad (66ms)
				ProcessInitializeOnLoadAttributes (221ms)
				ProcessInitializeOnLoadMethodAttributes (10ms)
				AfterProcessingInitializeOnLoad (2ms)
				EditorAssembliesLoaded (0ms)
			ExecutionOrderSort2 (0ms)
			AwakeInstancesAfterBackupRestoration (6ms)
Platform modules already initialized, skipping
========================================================================
Worker process is ready to serve import requests
Launched and connected shader compiler UnityShaderCompiler.exe after 0.06 seconds
Refreshing native plugins compatible for Editor in 0.58 ms, found 2 plugins.
Preloading 0 native plugins for Editor in 0.00 ms.
Unloading 2032 Unused Serialized files (Serialized files now loaded: 0)
System memory in use before: 103.8 MB.
System memory in use after: 103.8 MB.

Unloading 23 unused Assets to reduce memory usage. Loaded Objects now: 2488.
Total: 3.928700 ms (FindLiveObjects: 0.189200 ms CreateObjectMapping: 0.046400 ms MarkObjects: 3.578600 ms  DeleteObjects: 0.113100 ms)

AssetImportParameters requested are different than current active one (requested -> active):
  custom:framework-win-MediaFoundation: 216162199b28c13a410421893ffa2e32 -> 
  custom:video-decoder-ogg-theora: a1e56fd34408186e4bbccfd4996cb3dc -> 
  custom:container-muxer-webm: aa71ff27fc2769a1b78a27578f13a17b -> 
  custom:container-demuxer-webm: 4f35f7cbe854078d1ac9338744f61a02 -> 
  custom:container-demuxer-ogg: 62fdf1f143b41e24485cea50d1cbac27 -> 
  custom:video-encoder-webm-vp8: eb34c28f22e8b96e1ab97ce403110664 -> 
  custom:video-codec-MediaFoundation-h265: 746d11721c4dcdbdad8f713fa42b33f4 -> 
  custom:video-decoder-webm-vp8: 9c59270c3fd7afecdb556c50c9e8de78 -> 
  custom:audio-decoder-ogg-vorbis: bf7c407c2cedff20999df2af8eb42d56 -> 
  custom:audio-encoder-webm-vorbis: bf7c407c2cedff20999df2af8eb42d56 -> 
========================================================================
Received Import Request.
  path: Assets/Audio/Clips/happy-cave.wav
  artifactKey: Guid(87a31fd359e055345acae52514c35d23) Importer(815301076,1909f56bfc062723c751e8b465ee728b)
Start importing Assets/Audio/Clips/happy-cave.wav using Guid(87a31fd359e055345acae52514c35d23) Importer(815301076,1909f56bfc062723c751e8b465ee728b)  -> (artifact id: 'a7bd4a5b19600fa940b8fd2c812fb1b4') in 0.084752 seconds 
  Import took 0.090512 seconds .

========================================================================
Received Import Request.
  Time since last request: 0.000333 seconds.
  path: Assets/Audio/Clips/sfx_Bow.wav
  artifactKey: Guid(363a4e22fb1b22d45a9f35114c8f21a2) Importer(815301076,1909f56bfc062723c751e8b465ee728b)
Start importing Assets/Audio/Clips/sfx_Bow.wav using Guid(363a4e22fb1b22d45a9f35114c8f21a2) Importer(815301076,1909f56bfc062723c751e8b465ee728b)  -> (artifact id: '40ae615984a46266385022bd61cad407') in 0.021202 seconds 
  Import took 0.025312 seconds .

========================================================================
Received Import Request.
  Time since last request: 0.000278 seconds.
  path: Assets/Audio/Clips
  artifactKey: Guid(1718839fd92b31548868b39ded08356f) Importer(815301076,1909f56bfc062723c751e8b465ee728b)
Start importing Assets/Audio/Clips using Guid(1718839fd92b31548868b39ded08356f) Importer(815301076,1909f56bfc062723c751e8b465ee728b)  -> (artifact id: 'caba416351dd77aa741f1206effdbbea') in 0.002995 seconds 
  Import took 0.006392 seconds .

========================================================================
Received Import Request.
  Time since last request: 0.578060 seconds.
  path: Assets/Audio/Clips/sfx_Rock.wav
  artifactKey: Guid(5054ec4883c3a844e95b5121544778e3) Importer(815301076,1909f56bfc062723c751e8b465ee728b)
Start importing Assets/Audio/Clips/sfx_Rock.wav using Guid(5054ec4883c3a844e95b5121544778e3) Importer(815301076,1909f56bfc062723c751e8b465ee728b)  -> (artifact id: 'f757f5aebe1d26c145bec9f154d93ded') in 0.010225 seconds 
  Import took 0.013954 seconds .

========================================================================
Received Import Request.
  Time since last request: 3.830677 seconds.
  path: Assets/Audio/Clips/sfx_Spear.wav
  artifactKey: Guid(994401c6c62be81429d268fde6c75e10) Importer(815301076,1909f56bfc062723c751e8b465ee728b)
Start importing Assets/Audio/Clips/sfx_Spear.wav using Guid(994401c6c62be81429d268fde6c75e10) Importer(815301076,1909f56bfc062723c751e8b465ee728b)  -> (artifact id: 'f1345615654673664644d1455af28af8') in 0.009856 seconds 
  Import took 0.013594 seconds .

========================================================================
Received Import Request.
  Time since last request: 0.557470 seconds.
  path: Assets/Audio/Clips/sfx_Sword-15.wav
  artifactKey: Guid(7a4dc3c6105cfb8458c7686398796bbd) Importer(815301076,1909f56bfc062723c751e8b465ee728b)
Start importing Assets/Audio/Clips/sfx_Sword-15.wav using Guid(7a4dc3c6105cfb8458c7686398796bbd) Importer(815301076,1909f56bfc062723c751e8b465ee728b)  -> (artifact id: '99c644b18692f66974b7294133b5a70c') in 0.011033 seconds 
  Import took 0.015872 seconds .

AssetImportWorkerClient::OnTransportError - code=2 error=End of file
